[debug] [2020-11-29T09:26:47.129Z] ----------------------------------------------------------------------
[debug] [2020-11-29T09:26:47.131Z] Command:       /Users/kawanohenkenji/.nodebrew/node/v12.10.0/bin/node /Users/kawanohenkenji/.nodebrew/current/bin/firebase deploy --only functions:updateUserMetadata
[debug] [2020-11-29T09:26:47.131Z] CLI Version:   8.4.2
[debug] [2020-11-29T09:26:47.131Z] Platform:      darwin
[debug] [2020-11-29T09:26:47.131Z] Node Version:  v12.10.0
[debug] [2020-11-29T09:26:47.134Z] Time:          Sun Nov 29 2020 18:26:47 GMT+0900 (GMT+09:00)
[debug] [2020-11-29T09:26:47.134Z] ----------------------------------------------------------------------
[debug] [2020-11-29T09:26:47.134Z] 
[debug] [2020-11-29T09:26:47.145Z] > command requires scopes: ["email","openid","https://www.googleapis.com/auth/cloudplatformprojects.readonly","https://www.googleapis.com/auth/firebase","https://www.googleapis.com/auth/cloud-platform"]
[debug] [2020-11-29T09:26:47.145Z] > authorizing via signed-in user
[debug] [2020-11-29T09:26:47.145Z] [iam] checking project bola-chat-dev for permissions ["cloudfunctions.functions.create","cloudfunctions.functions.delete","cloudfunctions.functions.get","cloudfunctions.functions.list","cloudfunctions.functions.update","cloudfunctions.operations.get","firebase.projects.get"]
[debug] [2020-11-29T09:26:47.148Z] > refreshing access token with scopes: ["email","https://www.googleapis.com/auth/cloud-platform","https://www.googleapis.com/auth/cloudplatformprojects.readonly","https://www.googleapis.com/auth/firebase","openid"]
[debug] [2020-11-29T09:26:47.148Z] >>> HTTP REQUEST POST https://www.googleapis.com/oauth2/v3/token  
 <request body omitted>
[debug] [2020-11-29T09:26:47.394Z] <<< HTTP RESPONSE 200 {"date":"Sun, 29 Nov 2020 09:26:47 GMT","expires":"Mon, 01 Jan 1990 00:00:00 GMT","pragma":"no-cache","cache-control":"no-cache, no-store, max-age=0, must-revalidate","content-type":"application/json; charset=utf-8","vary":"X-Origin, Referer, Origin,Accept-Encoding","server":"scaffolding on HTTPServer2","x-xss-protection":"0","x-frame-options":"SAMEORIGIN","x-content-type-options":"nosniff","alt-svc":"h3-29=\":443\"; ma=2592000,h3-T051=\":443\"; ma=2592000,h3-Q050=\":443\"; ma=2592000,h3-Q046=\":443\"; ma=2592000,h3-Q043=\":443\"; ma=2592000,quic=\":443\"; ma=2592000; v=\"46,43\"","accept-ranges":"none","transfer-encoding":"chunked"}
[debug] [2020-11-29T09:26:47.413Z] >>> HTTP REQUEST POST https://cloudresourcemanager.googleapis.com/v1/projects/bola-chat-dev:testIamPermissions  
 {"permissions":["cloudfunctions.functions.create","cloudfunctions.functions.delete","cloudfunctions.functions.get","cloudfunctions.functions.list","cloudfunctions.functions.update","cloudfunctions.operations.get","firebase.projects.get"]}
[debug] [2020-11-29T09:26:48.143Z] <<< HTTP RESPONSE 200 {"content-type":"application/json; charset=UTF-8","vary":"X-Origin, Referer, Origin,Accept-Encoding","date":"Sun, 29 Nov 2020 09:26:48 GMT","server":"ESF","cache-control":"private","x-xss-protection":"0","x-frame-options":"SAMEORIGIN","x-content-type-options":"nosniff","server-timing":"gfet4t7; dur=574","alt-svc":"h3-29=\":443\"; ma=2592000,h3-T051=\":443\"; ma=2592000,h3-Q050=\":443\"; ma=2592000,h3-Q046=\":443\"; ma=2592000,h3-Q043=\":443\"; ma=2592000,quic=\":443\"; ma=2592000; v=\"46,43\"","accept-ranges":"none","transfer-encoding":"chunked"}
[debug] [2020-11-29T09:26:48.144Z] >>> HTTP REQUEST POST https://iam.googleapis.com/v1/projects/bola-chat-dev/serviceAccounts/bola-chat-dev@appspot.gserviceaccount.com:testIamPermissions  
 {"permissions":["iam.serviceAccounts.actAs"]}
[debug] [2020-11-29T09:26:49.062Z] <<< HTTP RESPONSE 200 {"content-type":"application/json; charset=UTF-8","vary":"X-Origin, Referer, Origin,Accept-Encoding","date":"Sun, 29 Nov 2020 09:26:49 GMT","server":"ESF","cache-control":"private","x-xss-protection":"0","x-frame-options":"SAMEORIGIN","x-content-type-options":"nosniff","alt-svc":"h3-29=\":443\"; ma=2592000,h3-T051=\":443\"; ma=2592000,h3-Q050=\":443\"; ma=2592000,h3-Q046=\":443\"; ma=2592000,h3-Q043=\":443\"; ma=2592000,quic=\":443\"; ma=2592000; v=\"46,43\"","accept-ranges":"none","transfer-encoding":"chunked"}
[info] 
[info] === Deploying to 'bola-chat-dev'...
[info] 
[info] i  deploying functions 
[info] Running command: npm run functions:commit-hash
[info] ✔  functions: Finished running predeploy script. 
[debug] [2020-11-29T09:26:52.532Z] > [functions] package.json contents: {
  "name": "functions",
  "version": "0.0.0",
  "engines": {
    "node": "10"
  },
  "scripts": {
    "build": "rimraf lib && webpack --config ./config/webpack.config.ts",
    "build:dev": "npm run build",
    "deploy": "npm run set && firebase deploy --only functions:updateUserMetadata",
    "set": "npm run set:dev",
    "set:dev": "firebase functions:config:set --project default func_env=\"$(cat ./src/environment/dev.json)\"",
    "set:nightly": "firebase functions:config:set --project nightly func_env=\"$(cat ./src/environment/nightly.json)\"",
    "set:stage": "firebase functions:config:set --project stage func_env=\"$(cat ./src/environment/stage.json)\"",
    "set:prod": "firebase functions:config:set --project production func_env=\"$(cat ./src/environment/production.json)\"",
    "test": "tsc --noEmit && jest --silent",
    "commit-hash": "git rev-parse HEAD > .gitinfo"
  },
  "main": "lib/index.js",
  "dependencies": {
    "@google-cloud/logging": "^8.1.0",
    "axios": "^0.21.0",
    "cors": "^2.8.5",
    "firebase": "^8.0.1",
    "firebase-admin": "^9.3.0",
    "firebase-functions": "^3.11.0"
  },
  "devDependencies": {
    "@types/cors": "^2.8.8",
    "@types/jest": "^26.0.15",
    "@types/webpack": "^4.41.24",
    "@types/webpack-node-externals": "^2.5.0",
    "firebase-functions-test": "^0.2.3",
    "jest": "^26.6.3",
    "rimraf": "^3.0.2",
    "ts-jest": "^26.4.4",
    "ts-loader": "^8.0.11",
    "ts-node": "^9.0.0",
    "typescript": "^4.0.5",
    "webpack": "^4.44.2",
    "webpack-cli": "^4.2.0",
    "webpack-node-externals": "^2.5.2"
  },
  "jest": {
    "preset": "ts-jest",
    "moduleNameMapper": {
      "^@/(.*)$": "<rootDir>/src/$1"
    }
  }
}
[info] i  functions: ensuring required API cloudfunctions.googleapis.com is enabled... 
[debug] [2020-11-29T09:26:54.609Z] [functions] runtime dependency check dates: warning: 2020-05-21T00:00:00.000Z error: 2020-07-09T00:00:00.000Z
[info] i  functions: ensuring required API cloudbuild.googleapis.com is enabled... 
[debug] [2020-11-29T09:26:54.610Z] >>> HTTP REQUEST GET https://serviceusage.googleapis.com/v1/projects/bola-chat-dev/services/cloudfunctions.googleapis.com  
 
[debug] [2020-11-29T09:26:54.610Z] >>> HTTP REQUEST GET https://serviceusage.googleapis.com/v1/projects/bola-chat-dev/services/runtimeconfig.googleapis.com  
 
[debug] [2020-11-29T09:26:54.610Z] >>> HTTP REQUEST GET https://serviceusage.googleapis.com/v1/projects/bola-chat-dev/services/cloudbuild.googleapis.com  
 
[debug] [2020-11-29T09:26:55.723Z] <<< HTTP RESPONSE 200 {"content-type":"application/json; charset=UTF-8","vary":"X-Origin, Referer, Origin,Accept-Encoding","date":"Sun, 29 Nov 2020 09:26:55 GMT","server":"ESF","cache-control":"private","x-xss-protection":"0","x-frame-options":"SAMEORIGIN","x-content-type-options":"nosniff","alt-svc":"h3-29=\":443\"; ma=2592000,h3-T051=\":443\"; ma=2592000,h3-Q050=\":443\"; ma=2592000,h3-Q046=\":443\"; ma=2592000,h3-Q043=\":443\"; ma=2592000,quic=\":443\"; ma=2592000; v=\"46,43\"","accept-ranges":"none","transfer-encoding":"chunked"}
[debug] [2020-11-29T09:26:55.761Z] <<< HTTP RESPONSE 200 {"content-type":"application/json; charset=UTF-8","vary":"X-Origin, Referer, Origin,Accept-Encoding","date":"Sun, 29 Nov 2020 09:26:55 GMT","server":"ESF","cache-control":"private","x-xss-protection":"0","x-frame-options":"SAMEORIGIN","x-content-type-options":"nosniff","alt-svc":"h3-29=\":443\"; ma=2592000,h3-T051=\":443\"; ma=2592000,h3-Q050=\":443\"; ma=2592000,h3-Q046=\":443\"; ma=2592000,h3-Q043=\":443\"; ma=2592000,quic=\":443\"; ma=2592000; v=\"46,43\"","accept-ranges":"none","transfer-encoding":"chunked"}
[info] ✔  functions: required API cloudbuild.googleapis.com is enabled 
[debug] [2020-11-29T09:26:55.785Z] <<< HTTP RESPONSE 200 {"content-type":"application/json; charset=UTF-8","vary":"X-Origin, Referer, Origin,Accept-Encoding","date":"Sun, 29 Nov 2020 09:26:55 GMT","server":"ESF","cache-control":"private","x-xss-protection":"0","x-frame-options":"SAMEORIGIN","x-content-type-options":"nosniff","alt-svc":"h3-29=\":443\"; ma=2592000,h3-T051=\":443\"; ma=2592000,h3-Q050=\":443\"; ma=2592000,h3-Q046=\":443\"; ma=2592000,h3-Q043=\":443\"; ma=2592000,quic=\":443\"; ma=2592000; v=\"46,43\"","accept-ranges":"none","transfer-encoding":"chunked"}
[info] ✔  functions: required API cloudfunctions.googleapis.com is enabled 
[debug] [2020-11-29T09:26:55.786Z] >>> HTTP REQUEST GET https://firebase.googleapis.com/v1beta1/projects/bola-chat-dev/adminSdkConfig  
 
[debug] [2020-11-29T09:26:56.433Z] <<< HTTP RESPONSE 200 {"content-type":"application/json; charset=UTF-8","vary":"X-Origin, Referer, Origin,Accept-Encoding","date":"Sun, 29 Nov 2020 09:26:56 GMT","server":"ESF","cache-control":"private","x-xss-protection":"0","x-frame-options":"SAMEORIGIN","x-content-type-options":"nosniff","alt-svc":"h3-29=\":443\"; ma=2592000,h3-T051=\":443\"; ma=2592000,h3-Q050=\":443\"; ma=2592000,h3-Q046=\":443\"; ma=2592000,h3-Q043=\":443\"; ma=2592000,quic=\":443\"; ma=2592000; v=\"46,43\"","accept-ranges":"none","transfer-encoding":"chunked"}
[info] i  functions: preparing packages/functions directory for uploading... 
[debug] [2020-11-29T09:26:56.435Z] >>> HTTP REQUEST GET https://runtimeconfig.googleapis.com/v1beta1/projects/bola-chat-dev/configs  
 
[debug] [2020-11-29T09:26:56.869Z] <<< HTTP RESPONSE 200 {"content-type":"application/json; charset=UTF-8","vary":"X-Origin, Referer, Origin,Accept-Encoding","date":"Sun, 29 Nov 2020 09:26:56 GMT","server":"ESF","cache-control":"private","x-xss-protection":"0","x-frame-options":"SAMEORIGIN","x-content-type-options":"nosniff","alt-svc":"h3-29=\":443\"; ma=2592000,h3-T051=\":443\"; ma=2592000,h3-Q050=\":443\"; ma=2592000,h3-Q046=\":443\"; ma=2592000,h3-Q043=\":443\"; ma=2592000,quic=\":443\"; ma=2592000; v=\"46,43\"","accept-ranges":"none","transfer-encoding":"chunked"}
[info] i  functions: packaged packages/functions (121.54 KB) for uploading 
[debug] [2020-11-29T09:26:57.358Z] >>> HTTP REQUEST GET https://cloudfunctions.googleapis.com/v1/projects/bola-chat-dev/locations/-/functions  
 
[debug] [2020-11-29T09:26:58.259Z] <<< HTTP RESPONSE 200 {"content-type":"application/json; charset=UTF-8","vary":"X-Origin, Referer, Origin,Accept-Encoding","date":"Sun, 29 Nov 2020 09:26:58 GMT","server":"ESF","cache-control":"private","x-xss-protection":"0","x-frame-options":"SAMEORIGIN","x-content-type-options":"nosniff","alt-svc":"h3-29=\":443\"; ma=2592000,h3-T051=\":443\"; ma=2592000,h3-Q050=\":443\"; ma=2592000,h3-Q046=\":443\"; ma=2592000,h3-Q043=\":443\"; ma=2592000,quic=\":443\"; ma=2592000; v=\"46,43\"","accept-ranges":"none","transfer-encoding":"chunked"}
[debug] [2020-11-29T09:26:58.261Z] >>> HTTP REQUEST POST https://cloudfunctions.googleapis.com/v1/projects/bola-chat-dev/locations/us-central1/functions:generateUploadUrl  
 
[debug] [2020-11-29T09:26:59.158Z] <<< HTTP RESPONSE 200 {"content-type":"application/json; charset=UTF-8","vary":"X-Origin, Referer, Origin,Accept-Encoding","date":"Sun, 29 Nov 2020 09:26:59 GMT","server":"ESF","cache-control":"private","x-xss-protection":"0","x-frame-options":"SAMEORIGIN","x-content-type-options":"nosniff","alt-svc":"h3-29=\":443\"; ma=2592000,h3-T051=\":443\"; ma=2592000,h3-Q050=\":443\"; ma=2592000,h3-Q046=\":443\"; ma=2592000,h3-Q043=\":443\"; ma=2592000,quic=\":443\"; ma=2592000; v=\"46,43\"","accept-ranges":"none","transfer-encoding":"chunked"}
[debug] [2020-11-29T09:26:59.159Z] >>> HTTP REQUEST PUT https://storage.googleapis.com/gcf-upload-us-central1-69a51006-4a84-4a95-b8f2-3530fb9b10f2/2da29bc6-9992-43bf-b425-ceaaa848fb5b.zip?GoogleAccessId=service-444987449492@gcf-admin-robot.iam.gserviceaccount.com&Expires=1606643818&Signature=jSHucDawCyUvhzSFD%2FS%2F8FhT4wIADvI28H5iReMiF5EJ91X55xCVG0ynukvp5Imra%2BUlPhWNQxH0cDJLjgXHij9l8aMQf2UtPOROdiCmd%2BNZd4JJ2C5gOPnIYmGO%2FivtXT5UA1vvIVn0DgocwbPYjQT9RwTfPxxUQGCHVVvoCvOASGORiYnPyp6PftQPe%2FE4oyEU3B4jiKCXYAw9wndvBi2eyWak3TDIVj6ZfebkTW%2BAmwYWG69iri0pHwyGkYGLygFpO5ogNRuCLzcSzNRvoBbRS75CwIjnEVI7Z25pL49NY2EwqW7B5yIRbUK2OftaV%2FGnct3CJfGtTfaSmWixlw%3D%3D  
 <request body omitted>
[debug] [2020-11-29T09:26:59.576Z] <<< HTTP RESPONSE 200 {"x-guploader-uploadid":"ABg5-Uy2Bfkri8OYdBAocxxlj_lAIT7DXFJwh9meNxyPf7Jpj1PA_GwsXuvqWqtU4CWnGPdw4vpZJjV8fxDvqDxYtYo","etag":"\"81a447d802ca8d83b61d47d06a54bb8f\"","x-goog-generation":"1606642019522018","x-goog-metageneration":"1","x-goog-hash":"crc32c=U+YpVQ==, md5=gaRH2ALKjYO2HUfQalS7jw==","x-goog-stored-content-length":"124458","x-goog-stored-content-encoding":"identity","vary":"Origin","content-length":"0","date":"Sun, 29 Nov 2020 09:26:59 GMT","server":"UploadServer","content-type":"text/html; charset=UTF-8","alt-svc":"h3-29=\":443\"; ma=2592000,h3-T051=\":443\"; ma=2592000,h3-Q050=\":443\"; ma=2592000,h3-Q046=\":443\"; ma=2592000,h3-Q043=\":443\"; ma=2592000,quic=\":443\"; ma=2592000; v=\"46,43\""}
[info] ✔  functions: packages/functions folder uploaded successfully 
[debug] [2020-11-29T09:26:59.577Z] > [functions] filtering triggers to: [
  "projects/bola-chat-dev/locations/us-central1/functions/updateUserMetadata"
]
[info] i  functions: current functions in project: updateUserMetadata(us-central1) 
[info] i  functions: uploading functions in project: updateUserMetadata(us-central1) 
[info] i  functions: updating Node.js 10 function updateUserMetadata(us-central1)... 
[debug] [2020-11-29T09:26:59.581Z] Trigger is:  {"httpsTrigger":{}}
[debug] [2020-11-29T09:26:59.582Z] >>> HTTP REQUEST GET https://serviceusage.googleapis.com/v1/projects/bola-chat-dev/services/cloudscheduler.googleapis.com  
 
[debug] [2020-11-29T09:27:00.662Z] <<< HTTP RESPONSE 200 {"content-type":"application/json; charset=UTF-8","vary":"X-Origin, Referer, Origin,Accept-Encoding","date":"Sun, 29 Nov 2020 09:27:00 GMT","server":"ESF","cache-control":"private","x-xss-protection":"0","x-frame-options":"SAMEORIGIN","x-content-type-options":"nosniff","alt-svc":"h3-29=\":443\"; ma=2592000,h3-T051=\":443\"; ma=2592000,h3-Q050=\":443\"; ma=2592000,h3-Q046=\":443\"; ma=2592000,h3-Q043=\":443\"; ma=2592000,quic=\":443\"; ma=2592000; v=\"46,43\"","accept-ranges":"none","transfer-encoding":"chunked"}
[info] ✔  scheduler: required API cloudscheduler.googleapis.com is enabled 
[debug] [2020-11-29T09:27:00.665Z] >>> HTTP REQUEST PATCH https://cloudfunctions.googleapis.com/v1/projects/bola-chat-dev/locations/us-central1/functions/updateUserMetadata {"updateMask":"sourceUploadUrl,name,labels,runtime,availableMemoryMb,timeout,environmentVariables,httpsTrigger"} 
 {"sourceUploadUrl":"https://storage.googleapis.com/gcf-upload-us-central1-69a51006-4a84-4a95-b8f2-3530fb9b10f2/2da29bc6-9992-43bf-b425-ceaaa848fb5b.zip?GoogleAccessId=service-444987449492@gcf-admin-robot.iam.gserviceaccount.com&Expires=1606643818&Signature=jSHucDawCyUvhzSFD%2FS%2F8FhT4wIADvI28H5iReMiF5EJ91X55xCVG0ynukvp5Imra%2BUlPhWNQxH0cDJLjgXHij9l8aMQf2UtPOROdiCmd%2BNZd4JJ2C5gOPnIYmGO%2FivtXT5UA1vvIVn0DgocwbPYjQT9RwTfPxxUQGCHVVvoCvOASGORiYnPyp6PftQPe%2FE4oyEU3B4jiKCXYAw9wndvBi2eyWak3TDIVj6ZfebkTW%2BAmwYWG69iri0pHwyGkYGLygFpO5ogNRuCLzcSzNRvoBbRS75CwIjnEVI7Z25pL49NY2EwqW7B5yIRbUK2OftaV%2FGnct3CJfGtTfaSmWixlw%3D%3D","name":"projects/bola-chat-dev/locations/us-central1/functions/updateUserMetadata","labels":{"deployment-tool":"cli-firebase"},"httpsTrigger":{},"runtime":"nodejs10","availableMemoryMb":512,"timeout":"540s","environmentVariables":{"FIREBASE_CONFIG":"{\"projectId\":\"bola-chat-dev\",\"databaseURL\":\"https://bola-chat-dev.firebaseio.com\",\"storageBucket\":\"bola-chat-dev.appspot.com\",\"locationId\":\"asia-northeast1\"}"}}
[debug] [2020-11-29T09:27:01.375Z] <<< HTTP RESPONSE 200 {"content-type":"application/json; charset=UTF-8","vary":"X-Origin, Referer, Origin,Accept-Encoding","date":"Sun, 29 Nov 2020 09:27:01 GMT","server":"ESF","cache-control":"private","x-xss-protection":"0","x-frame-options":"SAMEORIGIN","x-content-type-options":"nosniff","alt-svc":"h3-29=\":443\"; ma=2592000,h3-T051=\":443\"; ma=2592000,h3-Q050=\":443\"; ma=2592000,h3-Q046=\":443\"; ma=2592000,h3-Q043=\":443\"; ma=2592000,quic=\":443\"; ma=2592000; v=\"46,43\"","accept-ranges":"none","transfer-encoding":"chunked"}
[debug] [2020-11-29T09:27:01.377Z] >>> HTTP REQUEST GET https://cloudfunctions.googleapis.com/v1/projects/bola-chat-dev/locations/-/functions  
 
[debug] [2020-11-29T09:27:02.107Z] <<< HTTP RESPONSE 200 {"content-type":"application/json; charset=UTF-8","vary":"X-Origin, Referer, Origin,Accept-Encoding","date":"Sun, 29 Nov 2020 09:27:02 GMT","server":"ESF","cache-control":"private","x-xss-protection":"0","x-frame-options":"SAMEORIGIN","x-content-type-options":"nosniff","alt-svc":"h3-29=\":443\"; ma=2592000,h3-T051=\":443\"; ma=2592000,h3-Q050=\":443\"; ma=2592000,h3-Q046=\":443\"; ma=2592000,h3-Q043=\":443\"; ma=2592000,quic=\":443\"; ma=2592000; v=\"46,43\"","accept-ranges":"none","transfer-encoding":"chunked"}
[debug] [2020-11-29T09:27:02.108Z] >>> HTTP REQUEST GET https://cloudfunctions.googleapis.com/v1/operations/Ym9sYS1jaGF0LWRldi91cy1jZW50cmFsMS91cGRhdGVVc2VyTWV0YWRhdGEvNmhJdG81ZnhITkU  
 
[debug] [2020-11-29T09:27:02.547Z] <<< HTTP RESPONSE 200 {"content-type":"application/json; charset=UTF-8","vary":"X-Origin, Referer, Origin,Accept-Encoding","date":"Sun, 29 Nov 2020 09:27:02 GMT","server":"ESF","cache-control":"private","x-xss-protection":"0","x-frame-options":"SAMEORIGIN","x-content-type-options":"nosniff","alt-svc":"h3-29=\":443\"; ma=2592000,h3-T051=\":443\"; ma=2592000,h3-Q050=\":443\"; ma=2592000,h3-Q046=\":443\"; ma=2592000,h3-Q043=\":443\"; ma=2592000,quic=\":443\"; ma=2592000; v=\"46,43\"","accept-ranges":"none","transfer-encoding":"chunked"}
[debug] [2020-11-29T09:27:04.553Z] >>> HTTP REQUEST GET https://cloudfunctions.googleapis.com/v1/operations/Ym9sYS1jaGF0LWRldi91cy1jZW50cmFsMS91cGRhdGVVc2VyTWV0YWRhdGEvNmhJdG81ZnhITkU  
 
[debug] [2020-11-29T09:27:04.908Z] <<< HTTP RESPONSE 200 {"content-type":"application/json; charset=UTF-8","vary":"X-Origin, Referer, Origin,Accept-Encoding","date":"Sun, 29 Nov 2020 09:27:04 GMT","server":"ESF","cache-control":"private","x-xss-protection":"0","x-frame-options":"SAMEORIGIN","x-content-type-options":"nosniff","alt-svc":"h3-29=\":443\"; ma=2592000,h3-T051=\":443\"; ma=2592000,h3-Q050=\":443\"; ma=2592000,h3-Q046=\":443\"; ma=2592000,h3-Q043=\":443\"; ma=2592000,quic=\":443\"; ma=2592000; v=\"46,43\"","accept-ranges":"none","transfer-encoding":"chunked"}
[debug] [2020-11-29T09:27:06.913Z] >>> HTTP REQUEST GET https://cloudfunctions.googleapis.com/v1/operations/Ym9sYS1jaGF0LWRldi91cy1jZW50cmFsMS91cGRhdGVVc2VyTWV0YWRhdGEvNmhJdG81ZnhITkU  
 
[debug] [2020-11-29T09:27:07.416Z] <<< HTTP RESPONSE 200 {"content-type":"application/json; charset=UTF-8","vary":"X-Origin, Referer, Origin,Accept-Encoding","date":"Sun, 29 Nov 2020 09:27:07 GMT","server":"ESF","cache-control":"private","x-xss-protection":"0","x-frame-options":"SAMEORIGIN","x-content-type-options":"nosniff","alt-svc":"h3-29=\":443\"; ma=2592000,h3-T051=\":443\"; ma=2592000,h3-Q050=\":443\"; ma=2592000,h3-Q046=\":443\"; ma=2592000,h3-Q043=\":443\"; ma=2592000,quic=\":443\"; ma=2592000; v=\"46,43\"","accept-ranges":"none","transfer-encoding":"chunked"}
[debug] [2020-11-29T09:27:09.420Z] >>> HTTP REQUEST GET https://cloudfunctions.googleapis.com/v1/operations/Ym9sYS1jaGF0LWRldi91cy1jZW50cmFsMS91cGRhdGVVc2VyTWV0YWRhdGEvNmhJdG81ZnhITkU  
 
[debug] [2020-11-29T09:27:09.834Z] <<< HTTP RESPONSE 200 {"content-type":"application/json; charset=UTF-8","vary":"X-Origin, Referer, Origin,Accept-Encoding","date":"Sun, 29 Nov 2020 09:27:09 GMT","server":"ESF","cache-control":"private","x-xss-protection":"0","x-frame-options":"SAMEORIGIN","x-content-type-options":"nosniff","alt-svc":"h3-29=\":443\"; ma=2592000,h3-T051=\":443\"; ma=2592000,h3-Q050=\":443\"; ma=2592000,h3-Q046=\":443\"; ma=2592000,h3-Q043=\":443\"; ma=2592000,quic=\":443\"; ma=2592000; v=\"46,43\"","accept-ranges":"none","transfer-encoding":"chunked"}
[debug] [2020-11-29T09:27:11.835Z] >>> HTTP REQUEST GET https://cloudfunctions.googleapis.com/v1/operations/Ym9sYS1jaGF0LWRldi91cy1jZW50cmFsMS91cGRhdGVVc2VyTWV0YWRhdGEvNmhJdG81ZnhITkU  
 
[debug] [2020-11-29T09:27:12.434Z] <<< HTTP RESPONSE 200 {"content-type":"application/json; charset=UTF-8","vary":"X-Origin, Referer, Origin,Accept-Encoding","date":"Sun, 29 Nov 2020 09:27:12 GMT","server":"ESF","cache-control":"private","x-xss-protection":"0","x-frame-options":"SAMEORIGIN","x-content-type-options":"nosniff","alt-svc":"h3-29=\":443\"; ma=2592000,h3-T051=\":443\"; ma=2592000,h3-Q050=\":443\"; ma=2592000,h3-Q046=\":443\"; ma=2592000,h3-Q043=\":443\"; ma=2592000,quic=\":443\"; ma=2592000; v=\"46,43\"","accept-ranges":"none","transfer-encoding":"chunked"}
[debug] [2020-11-29T09:27:14.435Z] >>> HTTP REQUEST GET https://cloudfunctions.googleapis.com/v1/operations/Ym9sYS1jaGF0LWRldi91cy1jZW50cmFsMS91cGRhdGVVc2VyTWV0YWRhdGEvNmhJdG81ZnhITkU  
 
[debug] [2020-11-29T09:27:14.791Z] <<< HTTP RESPONSE 200 {"content-type":"application/json; charset=UTF-8","vary":"X-Origin, Referer, Origin,Accept-Encoding","date":"Sun, 29 Nov 2020 09:27:14 GMT","server":"ESF","cache-control":"private","x-xss-protection":"0","x-frame-options":"SAMEORIGIN","x-content-type-options":"nosniff","alt-svc":"h3-29=\":443\"; ma=2592000,h3-T051=\":443\"; ma=2592000,h3-Q050=\":443\"; ma=2592000,h3-Q046=\":443\"; ma=2592000,h3-Q043=\":443\"; ma=2592000,quic=\":443\"; ma=2592000; v=\"46,43\"","accept-ranges":"none","transfer-encoding":"chunked"}
[debug] [2020-11-29T09:27:16.792Z] >>> HTTP REQUEST GET https://cloudfunctions.googleapis.com/v1/operations/Ym9sYS1jaGF0LWRldi91cy1jZW50cmFsMS91cGRhdGVVc2VyTWV0YWRhdGEvNmhJdG81ZnhITkU  
 
[debug] [2020-11-29T09:27:17.249Z] <<< HTTP RESPONSE 200 {"content-type":"application/json; charset=UTF-8","vary":"X-Origin, Referer, Origin,Accept-Encoding","date":"Sun, 29 Nov 2020 09:27:17 GMT","server":"ESF","cache-control":"private","x-xss-protection":"0","x-frame-options":"SAMEORIGIN","x-content-type-options":"nosniff","alt-svc":"h3-29=\":443\"; ma=2592000,h3-T051=\":443\"; ma=2592000,h3-Q050=\":443\"; ma=2592000,h3-Q046=\":443\"; ma=2592000,h3-Q043=\":443\"; ma=2592000,quic=\":443\"; ma=2592000; v=\"46,43\"","accept-ranges":"none","transfer-encoding":"chunked"}
[debug] [2020-11-29T09:27:19.251Z] >>> HTTP REQUEST GET https://cloudfunctions.googleapis.com/v1/operations/Ym9sYS1jaGF0LWRldi91cy1jZW50cmFsMS91cGRhdGVVc2VyTWV0YWRhdGEvNmhJdG81ZnhITkU  
 
[debug] [2020-11-29T09:27:19.909Z] <<< HTTP RESPONSE 200 {"content-type":"application/json; charset=UTF-8","vary":"X-Origin, Referer, Origin,Accept-Encoding","date":"Sun, 29 Nov 2020 09:27:19 GMT","server":"ESF","cache-control":"private","x-xss-protection":"0","x-frame-options":"SAMEORIGIN","x-content-type-options":"nosniff","alt-svc":"h3-29=\":443\"; ma=2592000,h3-T051=\":443\"; ma=2592000,h3-Q050=\":443\"; ma=2592000,h3-Q046=\":443\"; ma=2592000,h3-Q043=\":443\"; ma=2592000,quic=\":443\"; ma=2592000; v=\"46,43\"","accept-ranges":"none","transfer-encoding":"chunked"}
[debug] [2020-11-29T09:27:21.914Z] >>> HTTP REQUEST GET https://cloudfunctions.googleapis.com/v1/operations/Ym9sYS1jaGF0LWRldi91cy1jZW50cmFsMS91cGRhdGVVc2VyTWV0YWRhdGEvNmhJdG81ZnhITkU  
 
[debug] [2020-11-29T09:27:22.470Z] <<< HTTP RESPONSE 200 {"content-type":"application/json; charset=UTF-8","vary":"X-Origin, Referer, Origin,Accept-Encoding","date":"Sun, 29 Nov 2020 09:27:22 GMT","server":"ESF","cache-control":"private","x-xss-protection":"0","x-frame-options":"SAMEORIGIN","x-content-type-options":"nosniff","alt-svc":"h3-29=\":443\"; ma=2592000,h3-T051=\":443\"; ma=2592000,h3-Q050=\":443\"; ma=2592000,h3-Q046=\":443\"; ma=2592000,h3-Q043=\":443\"; ma=2592000,quic=\":443\"; ma=2592000; v=\"46,43\"","accept-ranges":"none","transfer-encoding":"chunked"}
[debug] [2020-11-29T09:27:24.471Z] >>> HTTP REQUEST GET https://cloudfunctions.googleapis.com/v1/operations/Ym9sYS1jaGF0LWRldi91cy1jZW50cmFsMS91cGRhdGVVc2VyTWV0YWRhdGEvNmhJdG81ZnhITkU  
 
[debug] [2020-11-29T09:27:24.929Z] <<< HTTP RESPONSE 200 {"content-type":"application/json; charset=UTF-8","vary":"X-Origin, Referer, Origin,Accept-Encoding","date":"Sun, 29 Nov 2020 09:27:24 GMT","server":"ESF","cache-control":"private","x-xss-protection":"0","x-frame-options":"SAMEORIGIN","x-content-type-options":"nosniff","alt-svc":"h3-29=\":443\"; ma=2592000,h3-T051=\":443\"; ma=2592000,h3-Q050=\":443\"; ma=2592000,h3-Q046=\":443\"; ma=2592000,h3-Q043=\":443\"; ma=2592000,quic=\":443\"; ma=2592000; v=\"46,43\"","accept-ranges":"none","transfer-encoding":"chunked"}
[debug] [2020-11-29T09:27:26.930Z] >>> HTTP REQUEST GET https://cloudfunctions.googleapis.com/v1/operations/Ym9sYS1jaGF0LWRldi91cy1jZW50cmFsMS91cGRhdGVVc2VyTWV0YWRhdGEvNmhJdG81ZnhITkU  
 
[debug] [2020-11-29T09:27:27.273Z] <<< HTTP RESPONSE 200 {"content-type":"application/json; charset=UTF-8","vary":"X-Origin, Referer, Origin,Accept-Encoding","date":"Sun, 29 Nov 2020 09:27:27 GMT","server":"ESF","cache-control":"private","x-xss-protection":"0","x-frame-options":"SAMEORIGIN","x-content-type-options":"nosniff","alt-svc":"h3-29=\":443\"; ma=2592000,h3-T051=\":443\"; ma=2592000,h3-Q050=\":443\"; ma=2592000,h3-Q046=\":443\"; ma=2592000,h3-Q043=\":443\"; ma=2592000,quic=\":443\"; ma=2592000; v=\"46,43\"","accept-ranges":"none","transfer-encoding":"chunked"}
[debug] [2020-11-29T09:27:29.275Z] >>> HTTP REQUEST GET https://cloudfunctions.googleapis.com/v1/operations/Ym9sYS1jaGF0LWRldi91cy1jZW50cmFsMS91cGRhdGVVc2VyTWV0YWRhdGEvNmhJdG81ZnhITkU  
 
[debug] [2020-11-29T09:27:29.623Z] <<< HTTP RESPONSE 200 {"content-type":"application/json; charset=UTF-8","vary":"X-Origin, Referer, Origin,Accept-Encoding","date":"Sun, 29 Nov 2020 09:27:29 GMT","server":"ESF","cache-control":"private","x-xss-protection":"0","x-frame-options":"SAMEORIGIN","x-content-type-options":"nosniff","alt-svc":"h3-29=\":443\"; ma=2592000,h3-T051=\":443\"; ma=2592000,h3-Q050=\":443\"; ma=2592000,h3-Q046=\":443\"; ma=2592000,h3-Q043=\":443\"; ma=2592000,quic=\":443\"; ma=2592000; v=\"46,43\"","accept-ranges":"none","transfer-encoding":"chunked"}
[debug] [2020-11-29T09:27:31.627Z] >>> HTTP REQUEST GET https://cloudfunctions.googleapis.com/v1/operations/Ym9sYS1jaGF0LWRldi91cy1jZW50cmFsMS91cGRhdGVVc2VyTWV0YWRhdGEvNmhJdG81ZnhITkU  
 
[debug] [2020-11-29T09:27:31.993Z] <<< HTTP RESPONSE 200 {"content-type":"application/json; charset=UTF-8","vary":"X-Origin, Referer, Origin,Accept-Encoding","date":"Sun, 29 Nov 2020 09:27:31 GMT","server":"ESF","cache-control":"private","x-xss-protection":"0","x-frame-options":"SAMEORIGIN","x-content-type-options":"nosniff","alt-svc":"h3-29=\":443\"; ma=2592000,h3-T051=\":443\"; ma=2592000,h3-Q050=\":443\"; ma=2592000,h3-Q046=\":443\"; ma=2592000,h3-Q043=\":443\"; ma=2592000,quic=\":443\"; ma=2592000; v=\"46,43\"","accept-ranges":"none","transfer-encoding":"chunked"}
[debug] [2020-11-29T09:27:34.003Z] >>> HTTP REQUEST GET https://cloudfunctions.googleapis.com/v1/operations/Ym9sYS1jaGF0LWRldi91cy1jZW50cmFsMS91cGRhdGVVc2VyTWV0YWRhdGEvNmhJdG81ZnhITkU  
 
[debug] [2020-11-29T09:27:34.356Z] <<< HTTP RESPONSE 200 {"content-type":"application/json; charset=UTF-8","vary":"X-Origin, Referer, Origin,Accept-Encoding","date":"Sun, 29 Nov 2020 09:27:34 GMT","server":"ESF","cache-control":"private","x-xss-protection":"0","x-frame-options":"SAMEORIGIN","x-content-type-options":"nosniff","alt-svc":"h3-29=\":443\"; ma=2592000,h3-T051=\":443\"; ma=2592000,h3-Q050=\":443\"; ma=2592000,h3-Q046=\":443\"; ma=2592000,h3-Q043=\":443\"; ma=2592000,quic=\":443\"; ma=2592000; v=\"46,43\"","accept-ranges":"none","transfer-encoding":"chunked"}
[debug] [2020-11-29T09:27:36.356Z] >>> HTTP REQUEST GET https://cloudfunctions.googleapis.com/v1/operations/Ym9sYS1jaGF0LWRldi91cy1jZW50cmFsMS91cGRhdGVVc2VyTWV0YWRhdGEvNmhJdG81ZnhITkU  
 
[debug] [2020-11-29T09:27:36.700Z] <<< HTTP RESPONSE 200 {"content-type":"application/json; charset=UTF-8","vary":"X-Origin, Referer, Origin,Accept-Encoding","date":"Sun, 29 Nov 2020 09:27:36 GMT","server":"ESF","cache-control":"private","x-xss-protection":"0","x-frame-options":"SAMEORIGIN","x-content-type-options":"nosniff","alt-svc":"h3-29=\":443\"; ma=2592000,h3-T051=\":443\"; ma=2592000,h3-Q050=\":443\"; ma=2592000,h3-Q046=\":443\"; ma=2592000,h3-Q043=\":443\"; ma=2592000,quic=\":443\"; ma=2592000; v=\"46,43\"","accept-ranges":"none","transfer-encoding":"chunked"}
[debug] [2020-11-29T09:27:38.702Z] >>> HTTP REQUEST GET https://cloudfunctions.googleapis.com/v1/operations/Ym9sYS1jaGF0LWRldi91cy1jZW50cmFsMS91cGRhdGVVc2VyTWV0YWRhdGEvNmhJdG81ZnhITkU  
 
[debug] [2020-11-29T09:27:39.037Z] <<< HTTP RESPONSE 200 {"content-type":"application/json; charset=UTF-8","vary":"X-Origin, Referer, Origin,Accept-Encoding","date":"Sun, 29 Nov 2020 09:27:39 GMT","server":"ESF","cache-control":"private","x-xss-protection":"0","x-frame-options":"SAMEORIGIN","x-content-type-options":"nosniff","alt-svc":"h3-29=\":443\"; ma=2592000,h3-T051=\":443\"; ma=2592000,h3-Q050=\":443\"; ma=2592000,h3-Q046=\":443\"; ma=2592000,h3-Q043=\":443\"; ma=2592000,quic=\":443\"; ma=2592000; v=\"46,43\"","accept-ranges":"none","transfer-encoding":"chunked"}
[debug] [2020-11-29T09:27:41.039Z] >>> HTTP REQUEST GET https://cloudfunctions.googleapis.com/v1/operations/Ym9sYS1jaGF0LWRldi91cy1jZW50cmFsMS91cGRhdGVVc2VyTWV0YWRhdGEvNmhJdG81ZnhITkU  
 
[debug] [2020-11-29T09:27:41.483Z] <<< HTTP RESPONSE 200 {"content-type":"application/json; charset=UTF-8","vary":"X-Origin, Referer, Origin,Accept-Encoding","date":"Sun, 29 Nov 2020 09:27:41 GMT","server":"ESF","cache-control":"private","x-xss-protection":"0","x-frame-options":"SAMEORIGIN","x-content-type-options":"nosniff","alt-svc":"h3-29=\":443\"; ma=2592000,h3-T051=\":443\"; ma=2592000,h3-Q050=\":443\"; ma=2592000,h3-Q046=\":443\"; ma=2592000,h3-Q043=\":443\"; ma=2592000,quic=\":443\"; ma=2592000; v=\"46,43\"","accept-ranges":"none","transfer-encoding":"chunked"}
[debug] [2020-11-29T09:27:43.486Z] >>> HTTP REQUEST GET https://cloudfunctions.googleapis.com/v1/operations/Ym9sYS1jaGF0LWRldi91cy1jZW50cmFsMS91cGRhdGVVc2VyTWV0YWRhdGEvNmhJdG81ZnhITkU  
 
[debug] [2020-11-29T09:27:43.937Z] <<< HTTP RESPONSE 200 {"content-type":"application/json; charset=UTF-8","vary":"X-Origin, Referer, Origin,Accept-Encoding","date":"Sun, 29 Nov 2020 09:27:43 GMT","server":"ESF","cache-control":"private","x-xss-protection":"0","x-frame-options":"SAMEORIGIN","x-content-type-options":"nosniff","alt-svc":"h3-29=\":443\"; ma=2592000,h3-T051=\":443\"; ma=2592000,h3-Q050=\":443\"; ma=2592000,h3-Q046=\":443\"; ma=2592000,h3-Q043=\":443\"; ma=2592000,quic=\":443\"; ma=2592000; v=\"46,43\"","accept-ranges":"none","transfer-encoding":"chunked"}
[debug] [2020-11-29T09:27:45.938Z] >>> HTTP REQUEST GET https://cloudfunctions.googleapis.com/v1/operations/Ym9sYS1jaGF0LWRldi91cy1jZW50cmFsMS91cGRhdGVVc2VyTWV0YWRhdGEvNmhJdG81ZnhITkU  
 
[debug] [2020-11-29T09:27:46.293Z] <<< HTTP RESPONSE 200 {"content-type":"application/json; charset=UTF-8","vary":"X-Origin, Referer, Origin,Accept-Encoding","date":"Sun, 29 Nov 2020 09:27:46 GMT","server":"ESF","cache-control":"private","x-xss-protection":"0","x-frame-options":"SAMEORIGIN","x-content-type-options":"nosniff","alt-svc":"h3-29=\":443\"; ma=2592000,h3-T051=\":443\"; ma=2592000,h3-Q050=\":443\"; ma=2592000,h3-Q046=\":443\"; ma=2592000,h3-Q043=\":443\"; ma=2592000,quic=\":443\"; ma=2592000; v=\"46,43\"","accept-ranges":"none","transfer-encoding":"chunked"}
[debug] [2020-11-29T09:27:48.298Z] >>> HTTP REQUEST GET https://cloudfunctions.googleapis.com/v1/operations/Ym9sYS1jaGF0LWRldi91cy1jZW50cmFsMS91cGRhdGVVc2VyTWV0YWRhdGEvNmhJdG81ZnhITkU  
 
[debug] [2020-11-29T09:27:48.646Z] <<< HTTP RESPONSE 200 {"content-type":"application/json; charset=UTF-8","vary":"X-Origin, Referer, Origin,Accept-Encoding","date":"Sun, 29 Nov 2020 09:27:48 GMT","server":"ESF","cache-control":"private","x-xss-protection":"0","x-frame-options":"SAMEORIGIN","x-content-type-options":"nosniff","alt-svc":"h3-29=\":443\"; ma=2592000,h3-T051=\":443\"; ma=2592000,h3-Q050=\":443\"; ma=2592000,h3-Q046=\":443\"; ma=2592000,h3-Q043=\":443\"; ma=2592000,quic=\":443\"; ma=2592000; v=\"46,43\"","accept-ranges":"none","transfer-encoding":"chunked"}
[debug] [2020-11-29T09:27:50.648Z] >>> HTTP REQUEST GET https://cloudfunctions.googleapis.com/v1/operations/Ym9sYS1jaGF0LWRldi91cy1jZW50cmFsMS91cGRhdGVVc2VyTWV0YWRhdGEvNmhJdG81ZnhITkU  
 
[debug] [2020-11-29T09:27:50.989Z] <<< HTTP RESPONSE 200 {"content-type":"application/json; charset=UTF-8","vary":"X-Origin, Referer, Origin,Accept-Encoding","date":"Sun, 29 Nov 2020 09:27:50 GMT","server":"ESF","cache-control":"private","x-xss-protection":"0","x-frame-options":"SAMEORIGIN","x-content-type-options":"nosniff","alt-svc":"h3-29=\":443\"; ma=2592000,h3-T051=\":443\"; ma=2592000,h3-Q050=\":443\"; ma=2592000,h3-Q046=\":443\"; ma=2592000,h3-Q043=\":443\"; ma=2592000,quic=\":443\"; ma=2592000; v=\"46,43\"","accept-ranges":"none","transfer-encoding":"chunked"}
[debug] [2020-11-29T09:27:52.990Z] >>> HTTP REQUEST GET https://cloudfunctions.googleapis.com/v1/operations/Ym9sYS1jaGF0LWRldi91cy1jZW50cmFsMS91cGRhdGVVc2VyTWV0YWRhdGEvNmhJdG81ZnhITkU  
 
[debug] [2020-11-29T09:27:53.351Z] <<< HTTP RESPONSE 200 {"content-type":"application/json; charset=UTF-8","vary":"X-Origin, Referer, Origin,Accept-Encoding","date":"Sun, 29 Nov 2020 09:27:53 GMT","server":"ESF","cache-control":"private","x-xss-protection":"0","x-frame-options":"SAMEORIGIN","x-content-type-options":"nosniff","alt-svc":"h3-29=\":443\"; ma=2592000,h3-T051=\":443\"; ma=2592000,h3-Q050=\":443\"; ma=2592000,h3-Q046=\":443\"; ma=2592000,h3-Q043=\":443\"; ma=2592000,quic=\":443\"; ma=2592000; v=\"46,43\"","accept-ranges":"none","transfer-encoding":"chunked"}
[debug] [2020-11-29T09:27:55.356Z] >>> HTTP REQUEST GET https://cloudfunctions.googleapis.com/v1/operations/Ym9sYS1jaGF0LWRldi91cy1jZW50cmFsMS91cGRhdGVVc2VyTWV0YWRhdGEvNmhJdG81ZnhITkU  
 
[debug] [2020-11-29T09:27:55.755Z] <<< HTTP RESPONSE 200 {"content-type":"application/json; charset=UTF-8","vary":"X-Origin, Referer, Origin,Accept-Encoding","date":"Sun, 29 Nov 2020 09:27:55 GMT","server":"ESF","cache-control":"private","x-xss-protection":"0","x-frame-options":"SAMEORIGIN","x-content-type-options":"nosniff","alt-svc":"h3-29=\":443\"; ma=2592000,h3-T051=\":443\"; ma=2592000,h3-Q050=\":443\"; ma=2592000,h3-Q046=\":443\"; ma=2592000,h3-Q043=\":443\"; ma=2592000,quic=\":443\"; ma=2592000; v=\"46,43\"","accept-ranges":"none","transfer-encoding":"chunked"}
[debug] [2020-11-29T09:27:57.758Z] >>> HTTP REQUEST GET https://cloudfunctions.googleapis.com/v1/operations/Ym9sYS1jaGF0LWRldi91cy1jZW50cmFsMS91cGRhdGVVc2VyTWV0YWRhdGEvNmhJdG81ZnhITkU  
 
[debug] [2020-11-29T09:27:58.118Z] <<< HTTP RESPONSE 200 {"content-type":"application/json; charset=UTF-8","vary":"X-Origin, Referer, Origin,Accept-Encoding","date":"Sun, 29 Nov 2020 09:27:58 GMT","server":"ESF","cache-control":"private","x-xss-protection":"0","x-frame-options":"SAMEORIGIN","x-content-type-options":"nosniff","alt-svc":"h3-29=\":443\"; ma=2592000,h3-T051=\":443\"; ma=2592000,h3-Q050=\":443\"; ma=2592000,h3-Q046=\":443\"; ma=2592000,h3-Q043=\":443\"; ma=2592000,quic=\":443\"; ma=2592000; v=\"46,43\"","accept-ranges":"none","transfer-encoding":"chunked"}
[debug] [2020-11-29T09:28:00.118Z] >>> HTTP REQUEST GET https://cloudfunctions.googleapis.com/v1/operations/Ym9sYS1jaGF0LWRldi91cy1jZW50cmFsMS91cGRhdGVVc2VyTWV0YWRhdGEvNmhJdG81ZnhITkU  
 
[debug] [2020-11-29T09:28:00.558Z] <<< HTTP RESPONSE 200 {"content-type":"application/json; charset=UTF-8","vary":"X-Origin, Referer, Origin,Accept-Encoding","date":"Sun, 29 Nov 2020 09:28:00 GMT","server":"ESF","cache-control":"private","x-xss-protection":"0","x-frame-options":"SAMEORIGIN","x-content-type-options":"nosniff","alt-svc":"h3-29=\":443\"; ma=2592000,h3-T051=\":443\"; ma=2592000,h3-Q050=\":443\"; ma=2592000,h3-Q046=\":443\"; ma=2592000,h3-Q043=\":443\"; ma=2592000,quic=\":443\"; ma=2592000; v=\"46,43\"","accept-ranges":"none","transfer-encoding":"chunked"}
[debug] [2020-11-29T09:28:02.560Z] >>> HTTP REQUEST GET https://cloudfunctions.googleapis.com/v1/operations/Ym9sYS1jaGF0LWRldi91cy1jZW50cmFsMS91cGRhdGVVc2VyTWV0YWRhdGEvNmhJdG81ZnhITkU  
 
[debug] [2020-11-29T09:28:02.900Z] <<< HTTP RESPONSE 200 {"content-type":"application/json; charset=UTF-8","vary":"X-Origin, Referer, Origin,Accept-Encoding","date":"Sun, 29 Nov 2020 09:28:02 GMT","server":"ESF","cache-control":"private","x-xss-protection":"0","x-frame-options":"SAMEORIGIN","x-content-type-options":"nosniff","alt-svc":"h3-29=\":443\"; ma=2592000,h3-T051=\":443\"; ma=2592000,h3-Q050=\":443\"; ma=2592000,h3-Q046=\":443\"; ma=2592000,h3-Q043=\":443\"; ma=2592000,quic=\":443\"; ma=2592000; v=\"46,43\"","accept-ranges":"none","transfer-encoding":"chunked"}
[debug] [2020-11-29T09:28:04.899Z] >>> HTTP REQUEST GET https://cloudfunctions.googleapis.com/v1/operations/Ym9sYS1jaGF0LWRldi91cy1jZW50cmFsMS91cGRhdGVVc2VyTWV0YWRhdGEvNmhJdG81ZnhITkU  
 
[debug] [2020-11-29T09:28:05.287Z] <<< HTTP RESPONSE 200 {"content-type":"application/json; charset=UTF-8","vary":"X-Origin, Referer, Origin,Accept-Encoding","date":"Sun, 29 Nov 2020 09:28:05 GMT","server":"ESF","cache-control":"private","x-xss-protection":"0","x-frame-options":"SAMEORIGIN","x-content-type-options":"nosniff","alt-svc":"h3-29=\":443\"; ma=2592000,h3-T051=\":443\"; ma=2592000,h3-Q050=\":443\"; ma=2592000,h3-Q046=\":443\"; ma=2592000,h3-Q043=\":443\"; ma=2592000,quic=\":443\"; ma=2592000; v=\"46,43\"","accept-ranges":"none","transfer-encoding":"chunked"}
